<?xml version="1.0" encoding="UTF-8" ?>
<testsuite tests="9" failures="2" name="TestSuite" time="49.468" errors="0" skipped="0">
  <properties>
[...]
</properties>
  <testcase classname="test_homepage.HomePageCompTest" name="CheckBadgeNumberIsDisplayedAfterPressingAddToCart" time="5.344"/>
  <testcase classname="test_homepage.HomePageCompTest" name="CheckNumberIsDisplayedOnCartIconAfterAddingEachItemToTheCart" time="6.141"/>
  <testcase classname="test_loginPage.LoginPageCompTest" name="CheckInvalidData" time="0.002"/>
  <testcase classname="test_loginPage.LoginPageCompTest" name="CheckLoginDataWithExcelFile" time="19.964">
    <failure message="https://www.saucedemo.com/inventory.html is not contained in https://www.saucedemo.com/" type="java.lang.AssertionError">java.lang.AssertionError: https://www.saucedemo.com/inventory.html is not contained in https://www.saucedemo.com/
	at Utility.TestingMethod.CheckIfContains(TestingMethod.java:42)
	at comp_login.LoginPageComp.EnterLoginDataWithExcelFile(LoginPageComp.java:89)
	at test_loginPage.LoginPageCompTest.CheckLoginDataWithExcelFile(LoginPageCompTest.java:45)
</failure>
    <system-out>5
Logging in with Username: problem_user and Password: secret_sauce
5
Logging in with Username: performance_glitch_user and Password: secret_sauce
5
Logging in with Username: error_user and Password: secret_sauce
5
Logging in with Username: visual_user and Password: secret_sauce
5
Logging in with Username: locked_out_user and Password: secret_sauce
</system-out>
    <system-err>Sep 28, 2024 5:39:29 PM org.openqa.selenium.devtools.CdpVersionFinder findNearestMatch
WARNING: Unable to find an exact match for CDP version 129, returning the closest version; found: 127; Please update to a Selenium version that supports CDP version 129
ERROR StatusLogger Log4j2 could not find a logging implementation. Please add log4j-core to the classpath. Using SimpleLogger to log to the console...
</system-err>
  </testcase>
  <testcase classname="test_loginPage.LoginPageCompTest" name="CheckLoginPageOpened" time="0.55"/>
  <testcase classname="test_loginPage.LoginPageCompTest" name="CheckLoginWithConfig" time="8.31"/>
  <testcase classname="test_loginPage.LoginPageCompTest" name="CheckUserLoginWithValidData" time="4.145"/>
  <testcase classname="test_loginPage.LoginPageCompTest" name="TestUserLoginWithJavaFaker" time="3.929">
    <failure message="Expected: &apos;https://www.saucedemo.com/&apos; to be found, but actually: &apos;https://www.saucedemo.com/&apos; is found." type="java.lang.AssertionError">java.lang.AssertionError: Expected: &apos;https://www.saucedemo.com/&apos; to be found, but actually: &apos;https://www.saucedemo.com/&apos; is found.
	at Utility.TestingMethod.CheckIfActualEqualsExpected(TestingMethod.java:32)
	at comp_login.LoginPageComp.CheckUserLoginWithJavaFaker(LoginPageComp.java:154)
	at test_loginPage.LoginPageCompTest.TestUserLoginWithJavaFaker(LoginPageCompTest.java:59)
</failure>
    <system-out>17:40:42.399 [main] DEBUG Utility.E2ELogger -- Check login with Java faker
17:40:45.751 [main] INFO Utility.E2ELogger -- Username: bettye.purdy
17:40:45.974 [main] INFO Utility.E2ELogger -- Password: 8mkep9mdll73m2z
</system-out>
    <system-err>Sep 28, 2024 5:40:41 PM org.openqa.selenium.devtools.CdpVersionFinder findNearestMatch
WARNING: Unable to find an exact match for CDP version 129, returning the closest version; found: 127; Please update to a Selenium version that supports CDP version 129
</system-err>
  </testcase>
  <testcase classname="test_loginPage.LoginPageCompTest" name="TestUserLoginWithValidDataByJson" time="1.083"/>
</testsuite>